c:\users\autologon\onedrive - seneca\desktop\2022_summer\oop345\ws_solutions_oop345\ws01\part 2\project1\project1\x64\debug\vc143.pdb
c:\users\autologon\onedrive - seneca\desktop\2022_summer\oop345\ws_solutions_oop345\ws01\part 2\project1\project1\x64\debug\vc143.idb
c:\users\autologon\onedrive - seneca\desktop\2022_summer\oop345\ws_solutions_oop345\ws01\part 2\project1\project1\x64\debug\foodorder.obj
c:\users\autologon\onedrive - seneca\desktop\2022_summer\oop345\ws_solutions_oop345\ws01\part 2\project1\project1\x64\debug\foodorder.obj.enc
c:\users\autologon\onedrive - seneca\desktop\2022_summer\oop345\ws_solutions_oop345\ws01\part 2\project1\x64\debug\project1.pdb
c:\users\autologon\onedrive - seneca\desktop\2022_summer\oop345\ws_solutions_oop345\ws01\part 2\project1\project1\x64\debug\project1.tlog\cl.command.1.tlog
c:\users\autologon\onedrive - seneca\desktop\2022_summer\oop345\ws_solutions_oop345\ws01\part 2\project1\project1\x64\debug\project1.tlog\cl.read.1.tlog
c:\users\autologon\onedrive - seneca\desktop\2022_summer\oop345\ws_solutions_oop345\ws01\part 2\project1\project1\x64\debug\project1.tlog\cl.write.1.tlog
c:\users\autologon\onedrive - seneca\desktop\2022_summer\oop345\ws_solutions_oop345\ws01\part 2\project1\project1\x64\debug\project1.tlog\link-cvtres.read.1.tlog
c:\users\autologon\onedrive - seneca\desktop\2022_summer\oop345\ws_solutions_oop345\ws01\part 2\project1\project1\x64\debug\project1.tlog\link-cvtres.write.1.tlog
c:\users\autologon\onedrive - seneca\desktop\2022_summer\oop345\ws_solutions_oop345\ws01\part 2\project1\project1\x64\debug\project1.tlog\link-rc.read.1.tlog
c:\users\autologon\onedrive - seneca\desktop\2022_summer\oop345\ws_solutions_oop345\ws01\part 2\project1\project1\x64\debug\project1.tlog\link-rc.write.1.tlog
c:\users\autologon\onedrive - seneca\desktop\2022_summer\oop345\ws_solutions_oop345\ws01\part 2\project1\project1\x64\debug\project1.tlog\link.2384-cvtres.read.1.tlog
c:\users\autologon\onedrive - seneca\desktop\2022_summer\oop345\ws_solutions_oop345\ws01\part 2\project1\project1\x64\debug\project1.tlog\link.2384-cvtres.write.1.tlog
c:\users\autologon\onedrive - seneca\desktop\2022_summer\oop345\ws_solutions_oop345\ws01\part 2\project1\project1\x64\debug\project1.tlog\link.2384-rc.read.1.tlog
c:\users\autologon\onedrive - seneca\desktop\2022_summer\oop345\ws_solutions_oop345\ws01\part 2\project1\project1\x64\debug\project1.tlog\link.2384-rc.write.1.tlog
c:\users\autologon\onedrive - seneca\desktop\2022_summer\oop345\ws_solutions_oop345\ws01\part 2\project1\project1\x64\debug\project1.tlog\link.2384.read.1.tlog
c:\users\autologon\onedrive - seneca\desktop\2022_summer\oop345\ws_solutions_oop345\ws01\part 2\project1\project1\x64\debug\project1.tlog\link.2384.read.2.tlog
c:\users\autologon\onedrive - seneca\desktop\2022_summer\oop345\ws_solutions_oop345\ws01\part 2\project1\project1\x64\debug\project1.tlog\link.2384.write.1.tlog
c:\users\autologon\onedrive - seneca\desktop\2022_summer\oop345\ws_solutions_oop345\ws01\part 2\project1\project1\x64\debug\project1.tlog\link.command.1.tlog
c:\users\autologon\onedrive - seneca\desktop\2022_summer\oop345\ws_solutions_oop345\ws01\part 2\project1\project1\x64\debug\project1.tlog\link.read.1.tlog
c:\users\autologon\onedrive - seneca\desktop\2022_summer\oop345\ws_solutions_oop345\ws01\part 2\project1\project1\x64\debug\project1.tlog\link.read.2.tlog
c:\users\autologon\onedrive - seneca\desktop\2022_summer\oop345\ws_solutions_oop345\ws01\part 2\project1\project1\x64\debug\project1.tlog\link.write.1.tlog
